2019-12-21 19:26:03,610 DEBUG ValidatorFactoryImpl:578 -HV000234: Using org.hibernate.validator.messageinterpolation.ResourceBundleMessageInterpolator as ValidatorFactory-scoped message interpolator.
2019-12-21 19:26:03,615 DEBUG ValidatorFactoryImpl:579 -HV000234: Using org.hibernate.validator.internal.engine.resolver.TraverseAllTraversableResolver as ValidatorFactory-scoped traversable resolver.
2019-12-21 19:26:03,616 DEBUG ValidatorFactoryImpl:580 -HV000234: Using org.hibernate.validator.internal.util.ExecutableParameterNameProvider as ValidatorFactory-scoped parameter name provider.
2019-12-21 19:26:03,617 DEBUG ValidatorFactoryImpl:581 -HV000234: Using org.hibernate.validator.internal.engine.DefaultClockProvider as ValidatorFactory-scoped clock provider.
2019-12-21 19:26:03,617 DEBUG ValidatorFactoryImpl:582 -HV000234: Using org.hibernate.validator.internal.engine.scripting.DefaultScriptEvaluatorFactory as ValidatorFactory-scoped script evaluator factory.
2019-12-21 19:26:04,878 INFO  ServerApplication:654 -No active profile set, falling back to default profiles: default
2019-12-21 19:26:07,396 INFO  Http11NioProtocol:180 -Initializing ProtocolHandler ["http-nio-8761"]
2019-12-21 19:26:07,421 INFO  StandardService:180 -Starting service [Tomcat]
2019-12-21 19:26:07,422 INFO  StandardEngine:180 -Starting Servlet Engine: Apache Tomcat/8.5.34
2019-12-21 19:26:07,442 INFO  AprLifecycleListener:180 -The APR based Apache Tomcat Native library which allows optimal performance in production environments was not found on the java.library.path: [/Users/ygqygq2/Library/Java/Extensions:/Library/Java/Extensions:/Network/Library/Java/Extensions:/System/Library/Java/Extensions:/usr/lib/java:.]
2019-12-21 19:26:07,555 INFO  [/]:180 -Initializing Spring embedded WebApplicationContext
2019-12-21 19:26:07,856 WARN  URLConfigurationSource:121 -No URLs will be polled as dynamic configuration sources.
2019-12-21 19:26:07,857 INFO  URLConfigurationSource:122 -To enable URLs as dynamic configuration sources, define System property archaius.configurationSource.additionalUrls or make config.properties available on classpath.
2019-12-21 19:26:07,867 DEBUG HystrixPlugins:386 -Created HystrixDynamicProperties. Using class : com.netflix.hystrix.strategy.properties.archaius.HystrixDynamicPropertiesArchaius
2019-12-21 19:26:07,888 INFO  DynamicPropertyFactory:281 -DynamicPropertyFactory is initialized with configuration sources: com.netflix.config.ConcurrentCompositeConfiguration@594c4d6e
2019-12-21 19:26:09,489 INFO  WebApplicationImpl:815 -Initiating Jersey application, version 'Jersey: 1.19.1 03/11/2016 02:08 PM'
2019-12-21 19:26:09,610 INFO  DiscoveryJerseyProvider:70 -Using JSON encoding codec LegacyJacksonJson
2019-12-21 19:26:09,610 INFO  DiscoveryJerseyProvider:71 -Using JSON decoding codec LegacyJacksonJson
2019-12-21 19:26:09,850 INFO  DiscoveryJerseyProvider:80 -Using XML encoding codec XStreamXml
2019-12-21 19:26:09,851 INFO  DiscoveryJerseyProvider:81 -Using XML decoding codec XStreamXml
2019-12-21 19:26:10,344 WARN  URLConfigurationSource:121 -No URLs will be polled as dynamic configuration sources.
2019-12-21 19:26:10,345 INFO  URLConfigurationSource:122 -To enable URLs as dynamic configuration sources, define System property archaius.configurationSource.additionalUrls or make config.properties available on classpath.
2019-12-21 19:26:10,367 DEBUG TraversableResolvers:60 -Cannot find javax.persistence.Persistence on classpath. Assuming non JPA 2 environment. All properties will per default be traversable.
2019-12-21 19:26:10,368 DEBUG ResourceBundleMessageInterpolator:89 -Loaded expression factory via original TCCL
2019-12-21 19:26:10,382 DEBUG TraversableResolvers:60 -Cannot find javax.persistence.Persistence on classpath. Assuming non JPA 2 environment. All properties will per default be traversable.
2019-12-21 19:26:10,384 DEBUG ConfigurationImpl:148 -Setting custom MessageInterpolator of type org.springframework.validation.beanvalidation.LocaleContextMessageInterpolator
2019-12-21 19:26:10,385 DEBUG ConfigurationImpl:180 -Setting custom ConstraintValidatorFactory of type org.springframework.validation.beanvalidation.SpringConstraintValidatorFactory
2019-12-21 19:26:10,386 DEBUG ConfigurationImpl:194 -Setting custom ParameterNameProvider of type org.springframework.validation.beanvalidation.LocalValidatorFactoryBean$1
2019-12-21 19:26:10,387 DEBUG ValidationXmlParser:120 -Trying to load META-INF/validation.xml for XML based Validator configuration.
2019-12-21 19:26:10,387 DEBUG ResourceLoaderHelper:53 -Trying to load META-INF/validation.xml via user class loader
2019-12-21 19:26:10,388 DEBUG ResourceLoaderHelper:60 -Trying to load META-INF/validation.xml via TCCL
2019-12-21 19:26:10,389 DEBUG ResourceLoaderHelper:66 -Trying to load META-INF/validation.xml via Hibernate Validator's class loader
2019-12-21 19:26:10,389 DEBUG ValidationXmlParser:127 -No META-INF/validation.xml found. Using annotation based configuration only.
2019-12-21 19:26:10,397 DEBUG ValidatorFactoryImpl:578 -HV000234: Using org.springframework.validation.beanvalidation.LocaleContextMessageInterpolator as ValidatorFactory-scoped message interpolator.
2019-12-21 19:26:10,398 DEBUG ValidatorFactoryImpl:579 -HV000234: Using org.hibernate.validator.internal.engine.resolver.TraverseAllTraversableResolver as ValidatorFactory-scoped traversable resolver.
2019-12-21 19:26:10,399 DEBUG ValidatorFactoryImpl:580 -HV000234: Using org.hibernate.validator.internal.util.ExecutableParameterNameProvider as ValidatorFactory-scoped parameter name provider.
2019-12-21 19:26:10,399 DEBUG ValidatorFactoryImpl:581 -HV000234: Using org.hibernate.validator.internal.engine.DefaultClockProvider as ValidatorFactory-scoped clock provider.
2019-12-21 19:26:10,400 DEBUG ValidatorFactoryImpl:582 -HV000234: Using org.hibernate.validator.internal.engine.scripting.DefaultScriptEvaluatorFactory as ValidatorFactory-scoped script evaluator factory.
2019-12-21 19:26:12,034 INFO  DiscoveryClient:349 -Initializing Eureka in region us-east-1
2019-12-21 19:26:12,034 INFO  DiscoveryClient:352 -Client configured to neither register nor query for data.
2019-12-21 19:26:12,059 INFO  DiscoveryClient:365 -Discovery Client initialized at timestamp 1576927572056 with initial instances count: 0
2019-12-21 19:26:12,157 INFO  DefaultEurekaServerContext:63 -Initializing ...
2019-12-21 19:26:12,161 DEBUG EndpointUtils:198 -The availability zone for the given region us-east-1 are [defaultZone]
2019-12-21 19:26:12,162 WARN  PeerEurekaNodes:156 -The replica size seems to be empty. Check the route 53 DNS Registry
2019-12-21 19:26:12,198 INFO  AbstractInstanceRegistry:151 -Finished initializing remote region registries. All known remote regions: []
2019-12-21 19:26:12,200 INFO  DefaultEurekaServerContext:70 -Initialized
2019-12-21 19:26:12,452 INFO  PeerAwareInstanceRegistryImpl:242 -Got 1 instances from neighboring DS node
2019-12-21 19:26:12,452 INFO  PeerAwareInstanceRegistryImpl:243 -Renew threshold is: 0
2019-12-21 19:26:12,453 INFO  PeerAwareInstanceRegistryImpl:254 -Changing status to UP
2019-12-21 19:26:12,465 INFO  Http11NioProtocol:180 -Starting ProtocolHandler ["http-nio-8761"]
2019-12-21 19:26:12,507 INFO  NioSelectorPool:180 -Using a shared selector for servlet write/read
2019-12-21 19:26:12,537 INFO  ServerApplication:59 -Started ServerApplication in 9.373 seconds (JVM running for 10.623)
2019-12-21 19:26:17,461 INFO  AbstractInstanceRegistry:1247 -Running the evict task with compensationTime 0ms
2019-12-21 19:26:17,461 DEBUG AbstractInstanceRegistry:583 -Running the evict task
2019-12-21 19:26:17,462 DEBUG AbstractInstanceRegistry:586 -DS: lease expiration is currently disabled.
2019-12-21 19:26:22,464 INFO  AbstractInstanceRegistry:1247 -Running the evict task with compensationTime 3ms
2019-12-21 19:26:22,465 DEBUG AbstractInstanceRegistry:583 -Running the evict task
2019-12-21 19:26:22,465 DEBUG AbstractInstanceRegistry:586 -DS: lease expiration is currently disabled.
2019-12-21 19:26:27,466 INFO  AbstractInstanceRegistry:1247 -Running the evict task with compensationTime 1ms
2019-12-21 19:26:27,467 DEBUG AbstractInstanceRegistry:583 -Running the evict task
2019-12-21 19:26:27,467 DEBUG AbstractInstanceRegistry:586 -DS: lease expiration is currently disabled.
2019-12-21 19:26:30,003 DEBUG ResponseCacheImpl:173 -Updating the client cache from response cache
2019-12-21 19:26:32,467 INFO  AbstractInstanceRegistry:1247 -Running the evict task with compensationTime 0ms
2019-12-21 19:26:32,467 DEBUG AbstractInstanceRegistry:583 -Running the evict task
2019-12-21 19:26:32,467 DEBUG AbstractInstanceRegistry:586 -DS: lease expiration is currently disabled.
2019-12-21 19:26:37,471 INFO  AbstractInstanceRegistry:1247 -Running the evict task with compensationTime 3ms
2019-12-21 19:26:37,471 DEBUG AbstractInstanceRegistry:583 -Running the evict task
2019-12-21 19:26:37,471 DEBUG AbstractInstanceRegistry:586 -DS: lease expiration is currently disabled.
2019-12-21 19:26:42,475 INFO  AbstractInstanceRegistry:1247 -Running the evict task with compensationTime 4ms
2019-12-21 19:26:42,475 DEBUG AbstractInstanceRegistry:583 -Running the evict task
2019-12-21 19:26:42,475 DEBUG AbstractInstanceRegistry:586 -DS: lease expiration is currently disabled.
2019-12-21 19:26:47,478 INFO  AbstractInstanceRegistry:1247 -Running the evict task with compensationTime 3ms
2019-12-21 19:26:47,479 DEBUG AbstractInstanceRegistry:583 -Running the evict task
2019-12-21 19:26:47,479 DEBUG AbstractInstanceRegistry:586 -DS: lease expiration is currently disabled.
2019-12-21 19:26:52,482 INFO  AbstractInstanceRegistry:1247 -Running the evict task with compensationTime 3ms
2019-12-21 19:26:52,482 DEBUG AbstractInstanceRegistry:583 -Running the evict task
2019-12-21 19:26:52,483 DEBUG AbstractInstanceRegistry:586 -DS: lease expiration is currently disabled.
2019-12-21 19:26:57,483 INFO  AbstractInstanceRegistry:1247 -Running the evict task with compensationTime 1ms
2019-12-21 19:26:57,484 DEBUG AbstractInstanceRegistry:583 -Running the evict task
2019-12-21 19:26:57,484 DEBUG AbstractInstanceRegistry:586 -DS: lease expiration is currently disabled.
2019-12-21 19:27:00,006 DEBUG ResponseCacheImpl:173 -Updating the client cache from response cache
2019-12-21 19:27:02,485 INFO  AbstractInstanceRegistry:1247 -Running the evict task with compensationTime 2ms
2019-12-21 19:27:02,486 DEBUG AbstractInstanceRegistry:583 -Running the evict task
2019-12-21 19:27:02,486 DEBUG AbstractInstanceRegistry:586 -DS: lease expiration is currently disabled.
2019-12-21 19:27:07,488 INFO  AbstractInstanceRegistry:1247 -Running the evict task with compensationTime 2ms
2019-12-21 19:27:07,489 DEBUG AbstractInstanceRegistry:583 -Running the evict task
2019-12-21 19:27:07,489 DEBUG AbstractInstanceRegistry:586 -DS: lease expiration is currently disabled.
2019-12-21 19:27:12,492 INFO  AbstractInstanceRegistry:1247 -Running the evict task with compensationTime 3ms
2019-12-21 19:27:12,492 DEBUG AbstractInstanceRegistry:583 -Running the evict task
2019-12-21 19:27:12,492 DEBUG AbstractInstanceRegistry:586 -DS: lease expiration is currently disabled.
2019-12-21 19:27:17,496 INFO  AbstractInstanceRegistry:1247 -Running the evict task with compensationTime 4ms
2019-12-21 19:27:17,496 DEBUG AbstractInstanceRegistry:583 -Running the evict task
2019-12-21 19:27:17,496 DEBUG AbstractInstanceRegistry:586 -DS: lease expiration is currently disabled.
2019-12-21 19:27:22,501 INFO  AbstractInstanceRegistry:1247 -Running the evict task with compensationTime 5ms
2019-12-21 19:27:22,502 DEBUG AbstractInstanceRegistry:583 -Running the evict task
2019-12-21 19:27:22,502 DEBUG AbstractInstanceRegistry:586 -DS: lease expiration is currently disabled.
2019-12-21 19:27:27,504 INFO  AbstractInstanceRegistry:1247 -Running the evict task with compensationTime 2ms
2019-12-21 19:27:27,504 DEBUG AbstractInstanceRegistry:583 -Running the evict task
2019-12-21 19:27:27,505 DEBUG AbstractInstanceRegistry:586 -DS: lease expiration is currently disabled.
2019-12-21 19:27:30,007 DEBUG ResponseCacheImpl:173 -Updating the client cache from response cache
2019-12-21 19:27:32,508 INFO  AbstractInstanceRegistry:1247 -Running the evict task with compensationTime 3ms
2019-12-21 19:27:32,508 DEBUG AbstractInstanceRegistry:583 -Running the evict task
2019-12-21 19:27:32,508 DEBUG AbstractInstanceRegistry:586 -DS: lease expiration is currently disabled.
2019-12-21 19:27:37,511 INFO  AbstractInstanceRegistry:1247 -Running the evict task with compensationTime 3ms
2019-12-21 19:27:37,511 DEBUG AbstractInstanceRegistry:583 -Running the evict task
2019-12-21 19:27:37,511 DEBUG AbstractInstanceRegistry:586 -DS: lease expiration is currently disabled.
2019-12-21 19:27:42,515 INFO  AbstractInstanceRegistry:1247 -Running the evict task with compensationTime 4ms
2019-12-21 19:27:42,516 DEBUG AbstractInstanceRegistry:583 -Running the evict task
2019-12-21 19:27:42,516 DEBUG AbstractInstanceRegistry:586 -DS: lease expiration is currently disabled.
2019-12-21 19:27:47,517 INFO  AbstractInstanceRegistry:1247 -Running the evict task with compensationTime 1ms
2019-12-21 19:27:47,518 DEBUG AbstractInstanceRegistry:583 -Running the evict task
2019-12-21 19:27:47,518 DEBUG AbstractInstanceRegistry:586 -DS: lease expiration is currently disabled.
2019-12-21 19:27:52,520 INFO  AbstractInstanceRegistry:1247 -Running the evict task with compensationTime 2ms
2019-12-21 19:27:52,520 DEBUG AbstractInstanceRegistry:583 -Running the evict task
2019-12-21 19:27:52,520 DEBUG AbstractInstanceRegistry:586 -DS: lease expiration is currently disabled.
2019-12-21 19:27:57,522 INFO  AbstractInstanceRegistry:1247 -Running the evict task with compensationTime 2ms
2019-12-21 19:27:57,522 DEBUG AbstractInstanceRegistry:583 -Running the evict task
2019-12-21 19:27:57,523 DEBUG AbstractInstanceRegistry:586 -DS: lease expiration is currently disabled.
2019-12-21 19:28:00,009 DEBUG ResponseCacheImpl:173 -Updating the client cache from response cache
2019-12-21 19:28:02,523 INFO  AbstractInstanceRegistry:1247 -Running the evict task with compensationTime 1ms
2019-12-21 19:28:02,524 DEBUG AbstractInstanceRegistry:583 -Running the evict task
2019-12-21 19:28:02,524 DEBUG AbstractInstanceRegistry:586 -DS: lease expiration is currently disabled.
2019-12-21 19:28:07,528 INFO  AbstractInstanceRegistry:1247 -Running the evict task with compensationTime 4ms
2019-12-21 19:28:07,528 DEBUG AbstractInstanceRegistry:583 -Running the evict task
2019-12-21 19:28:07,528 DEBUG AbstractInstanceRegistry:586 -DS: lease expiration is currently disabled.
2019-12-21 19:28:12,530 INFO  AbstractInstanceRegistry:1247 -Running the evict task with compensationTime 2ms
2019-12-21 19:28:12,531 DEBUG AbstractInstanceRegistry:583 -Running the evict task
2019-12-21 19:28:12,531 DEBUG AbstractInstanceRegistry:586 -DS: lease expiration is currently disabled.
2019-12-21 19:28:17,532 INFO  AbstractInstanceRegistry:1247 -Running the evict task with compensationTime 1ms
2019-12-21 19:28:17,532 DEBUG AbstractInstanceRegistry:583 -Running the evict task
2019-12-21 19:28:17,532 DEBUG AbstractInstanceRegistry:586 -DS: lease expiration is currently disabled.
2019-12-21 19:28:22,538 INFO  AbstractInstanceRegistry:1247 -Running the evict task with compensationTime 5ms
2019-12-21 19:28:22,538 DEBUG AbstractInstanceRegistry:583 -Running the evict task
2019-12-21 19:28:22,538 DEBUG AbstractInstanceRegistry:586 -DS: lease expiration is currently disabled.
2019-12-21 19:28:27,542 INFO  AbstractInstanceRegistry:1247 -Running the evict task with compensationTime 4ms
2019-12-21 19:28:27,542 DEBUG AbstractInstanceRegistry:583 -Running the evict task
2019-12-21 19:28:27,543 DEBUG AbstractInstanceRegistry:586 -DS: lease expiration is currently disabled.
2019-12-21 19:28:30,013 DEBUG ResponseCacheImpl:173 -Updating the client cache from response cache
2019-12-21 19:28:32,547 INFO  AbstractInstanceRegistry:1247 -Running the evict task with compensationTime 4ms
2019-12-21 19:28:32,547 DEBUG AbstractInstanceRegistry:583 -Running the evict task
2019-12-21 19:28:32,547 DEBUG AbstractInstanceRegistry:586 -DS: lease expiration is currently disabled.
2019-12-21 19:28:37,549 INFO  AbstractInstanceRegistry:1247 -Running the evict task with compensationTime 2ms
2019-12-21 19:28:37,550 DEBUG AbstractInstanceRegistry:583 -Running the evict task
2019-12-21 19:28:37,550 DEBUG AbstractInstanceRegistry:586 -DS: lease expiration is currently disabled.
2019-12-21 19:28:42,552 INFO  AbstractInstanceRegistry:1247 -Running the evict task with compensationTime 3ms
2019-12-21 19:28:42,553 DEBUG AbstractInstanceRegistry:583 -Running the evict task
2019-12-21 19:28:42,553 DEBUG AbstractInstanceRegistry:586 -DS: lease expiration is currently disabled.
2019-12-21 19:28:47,557 INFO  AbstractInstanceRegistry:1247 -Running the evict task with compensationTime 4ms
2019-12-21 19:28:47,557 DEBUG AbstractInstanceRegistry:583 -Running the evict task
2019-12-21 19:28:47,557 DEBUG AbstractInstanceRegistry:586 -DS: lease expiration is currently disabled.
2019-12-21 19:28:52,560 INFO  AbstractInstanceRegistry:1247 -Running the evict task with compensationTime 3ms
2019-12-21 19:28:52,561 DEBUG AbstractInstanceRegistry:583 -Running the evict task
2019-12-21 19:28:52,561 DEBUG AbstractInstanceRegistry:586 -DS: lease expiration is currently disabled.
2019-12-21 19:28:57,565 INFO  AbstractInstanceRegistry:1247 -Running the evict task with compensationTime 4ms
2019-12-21 19:28:57,565 DEBUG AbstractInstanceRegistry:583 -Running the evict task
2019-12-21 19:28:57,566 DEBUG AbstractInstanceRegistry:586 -DS: lease expiration is currently disabled.
2019-12-21 19:29:00,016 DEBUG ResponseCacheImpl:173 -Updating the client cache from response cache
2019-12-21 19:29:02,567 INFO  AbstractInstanceRegistry:1247 -Running the evict task with compensationTime 2ms
2019-12-21 19:29:02,568 DEBUG AbstractInstanceRegistry:583 -Running the evict task
2019-12-21 19:29:02,568 DEBUG AbstractInstanceRegistry:586 -DS: lease expiration is currently disabled.
2019-12-21 19:29:07,005 INFO  DefaultEurekaServerContext:76 -Shutting down ...
2019-12-21 19:29:07,010 INFO  DefaultEurekaServerContext:79 -Shut down
2019-12-21 19:29:07,020 INFO  DiscoveryClient:888 -Shutting down DiscoveryClient ...
2019-12-21 19:29:07,021 INFO  DiscoveryClient:911 -Completed shut down of DiscoveryClient
2019-12-21 19:29:20,223 DEBUG org.hibernate.validator.messageinterpolation.ResourceBundleMessageInterpolator:89 [background-preinit] [buildExpressionFactory] Loaded expression factory via original TCCL
2019-12-21 19:29:20,246 DEBUG org.hibernate.validator.internal.engine.ValidatorFactoryImpl:578 [background-preinit] [logValidatorFactoryScopedConfiguration] HV000234: Using org.hibernate.validator.messageinterpolation.ResourceBundleMessageInterpolator as ValidatorFactory-scoped message interpolator.
2019-12-21 19:29:20,247 DEBUG org.hibernate.validator.internal.engine.ValidatorFactoryImpl:579 [background-preinit] [logValidatorFactoryScopedConfiguration] HV000234: Using org.hibernate.validator.internal.engine.resolver.TraverseAllTraversableResolver as ValidatorFactory-scoped traversable resolver.
2019-12-21 19:29:20,247 DEBUG org.hibernate.validator.internal.engine.ValidatorFactoryImpl:580 [background-preinit] [logValidatorFactoryScopedConfiguration] HV000234: Using org.hibernate.validator.internal.util.ExecutableParameterNameProvider as ValidatorFactory-scoped parameter name provider.
2019-12-21 19:29:20,248 DEBUG org.hibernate.validator.internal.engine.ValidatorFactoryImpl:581 [background-preinit] [logValidatorFactoryScopedConfiguration] HV000234: Using org.hibernate.validator.internal.engine.DefaultClockProvider as ValidatorFactory-scoped clock provider.
2019-12-21 19:29:20,251 DEBUG org.hibernate.validator.internal.engine.ValidatorFactoryImpl:582 [background-preinit] [logValidatorFactoryScopedConfiguration] HV000234: Using org.hibernate.validator.internal.engine.scripting.DefaultScriptEvaluatorFactory as ValidatorFactory-scoped script evaluator factory.
2019-12-21 19:29:21,475 INFO  org.springframework.boot.SpringApplication:654 [main] [logStartupProfileInfo] No active profile set, falling back to default profiles: default
2019-12-21 19:29:24,044 INFO  org.apache.juli.logging.DirectJDKLog:180 [main] [log] Initializing ProtocolHandler ["http-nio-8761"]
2019-12-21 19:29:24,072 INFO  org.apache.juli.logging.DirectJDKLog:180 [main] [log] Starting service [Tomcat]
2019-12-21 19:29:24,074 INFO  org.apache.juli.logging.DirectJDKLog:180 [main] [log] Starting Servlet Engine: Apache Tomcat/8.5.34
2019-12-21 19:29:24,090 INFO  org.apache.juli.logging.DirectJDKLog:180 [localhost-startStop-1] [log] The APR based Apache Tomcat Native library which allows optimal performance in production environments was not found on the java.library.path: [/Users/ygqygq2/Library/Java/Extensions:/Library/Java/Extensions:/Network/Library/Java/Extensions:/System/Library/Java/Extensions:/usr/lib/java:.]
2019-12-21 19:29:24,203 INFO  org.apache.juli.logging.DirectJDKLog:180 [localhost-startStop-1] [log] Initializing Spring embedded WebApplicationContext
2019-12-21 19:29:24,460 WARN  com.netflix.config.sources.URLConfigurationSource:121 [localhost-startStop-1] [<init>] No URLs will be polled as dynamic configuration sources.
2019-12-21 19:29:24,461 INFO  com.netflix.config.sources.URLConfigurationSource:122 [localhost-startStop-1] [<init>] To enable URLs as dynamic configuration sources, define System property archaius.configurationSource.additionalUrls or make config.properties available on classpath.
2019-12-21 19:29:24,471 DEBUG com.netflix.hystrix.strategy.HystrixPlugins:386 [localhost-startStop-1] [resolveDynamicProperties] Created HystrixDynamicProperties. Using class : com.netflix.hystrix.strategy.properties.archaius.HystrixDynamicPropertiesArchaius
2019-12-21 19:29:24,502 INFO  com.netflix.config.DynamicPropertyFactory:281 [localhost-startStop-1] [getInstance] DynamicPropertyFactory is initialized with configuration sources: com.netflix.config.ConcurrentCompositeConfiguration@6de91e80
2019-12-21 19:29:26,172 INFO  com.sun.jersey.server.impl.application.WebApplicationImpl:815 [localhost-startStop-1] [_initiate] Initiating Jersey application, version 'Jersey: 1.19.1 03/11/2016 02:08 PM'
2019-12-21 19:29:26,327 INFO  com.netflix.discovery.provider.DiscoveryJerseyProvider:70 [localhost-startStop-1] [<init>] Using JSON encoding codec LegacyJacksonJson
2019-12-21 19:29:26,327 INFO  com.netflix.discovery.provider.DiscoveryJerseyProvider:71 [localhost-startStop-1] [<init>] Using JSON decoding codec LegacyJacksonJson
2019-12-21 19:29:26,566 INFO  com.netflix.discovery.provider.DiscoveryJerseyProvider:80 [localhost-startStop-1] [<init>] Using XML encoding codec XStreamXml
2019-12-21 19:29:26,567 INFO  com.netflix.discovery.provider.DiscoveryJerseyProvider:81 [localhost-startStop-1] [<init>] Using XML decoding codec XStreamXml
2019-12-21 19:29:27,043 WARN  com.netflix.config.sources.URLConfigurationSource:121 [main] [<init>] No URLs will be polled as dynamic configuration sources.
2019-12-21 19:29:27,043 INFO  com.netflix.config.sources.URLConfigurationSource:122 [main] [<init>] To enable URLs as dynamic configuration sources, define System property archaius.configurationSource.additionalUrls or make config.properties available on classpath.
2019-12-21 19:29:27,065 DEBUG org.hibernate.validator.internal.engine.resolver.TraversableResolvers:60 [main] [getDefault] Cannot find javax.persistence.Persistence on classpath. Assuming non JPA 2 environment. All properties will per default be traversable.
2019-12-21 19:29:27,066 DEBUG org.hibernate.validator.messageinterpolation.ResourceBundleMessageInterpolator:89 [main] [buildExpressionFactory] Loaded expression factory via original TCCL
2019-12-21 19:29:27,079 DEBUG org.hibernate.validator.internal.engine.resolver.TraversableResolvers:60 [main] [getDefault] Cannot find javax.persistence.Persistence on classpath. Assuming non JPA 2 environment. All properties will per default be traversable.
2019-12-21 19:29:27,080 DEBUG org.hibernate.validator.internal.engine.ConfigurationImpl:148 [main] [messageInterpolator] Setting custom MessageInterpolator of type org.springframework.validation.beanvalidation.LocaleContextMessageInterpolator
2019-12-21 19:29:27,081 DEBUG org.hibernate.validator.internal.engine.ConfigurationImpl:180 [main] [constraintValidatorFactory] Setting custom ConstraintValidatorFactory of type org.springframework.validation.beanvalidation.SpringConstraintValidatorFactory
2019-12-21 19:29:27,082 DEBUG org.hibernate.validator.internal.engine.ConfigurationImpl:194 [main] [parameterNameProvider] Setting custom ParameterNameProvider of type org.springframework.validation.beanvalidation.LocalValidatorFactoryBean$1
2019-12-21 19:29:27,083 DEBUG org.hibernate.validator.internal.xml.config.ValidationXmlParser:120 [main] [getValidationXmlInputStream] Trying to load META-INF/validation.xml for XML based Validator configuration.
2019-12-21 19:29:27,084 DEBUG org.hibernate.validator.internal.xml.config.ResourceLoaderHelper:53 [main] [getResettableInputStreamForPath] Trying to load META-INF/validation.xml via user class loader
2019-12-21 19:29:27,085 DEBUG org.hibernate.validator.internal.xml.config.ResourceLoaderHelper:60 [main] [getResettableInputStreamForPath] Trying to load META-INF/validation.xml via TCCL
2019-12-21 19:29:27,086 DEBUG org.hibernate.validator.internal.xml.config.ResourceLoaderHelper:66 [main] [getResettableInputStreamForPath] Trying to load META-INF/validation.xml via Hibernate Validator's class loader
2019-12-21 19:29:27,086 DEBUG org.hibernate.validator.internal.xml.config.ValidationXmlParser:127 [main] [getValidationXmlInputStream] No META-INF/validation.xml found. Using annotation based configuration only.
2019-12-21 19:29:27,092 DEBUG org.hibernate.validator.internal.engine.ValidatorFactoryImpl:578 [main] [logValidatorFactoryScopedConfiguration] HV000234: Using org.springframework.validation.beanvalidation.LocaleContextMessageInterpolator as ValidatorFactory-scoped message interpolator.
2019-12-21 19:29:27,092 DEBUG org.hibernate.validator.internal.engine.ValidatorFactoryImpl:579 [main] [logValidatorFactoryScopedConfiguration] HV000234: Using org.hibernate.validator.internal.engine.resolver.TraverseAllTraversableResolver as ValidatorFactory-scoped traversable resolver.
2019-12-21 19:29:27,093 DEBUG org.hibernate.validator.internal.engine.ValidatorFactoryImpl:580 [main] [logValidatorFactoryScopedConfiguration] HV000234: Using org.hibernate.validator.internal.util.ExecutableParameterNameProvider as ValidatorFactory-scoped parameter name provider.
2019-12-21 19:29:27,093 DEBUG org.hibernate.validator.internal.engine.ValidatorFactoryImpl:581 [main] [logValidatorFactoryScopedConfiguration] HV000234: Using org.hibernate.validator.internal.engine.DefaultClockProvider as ValidatorFactory-scoped clock provider.
2019-12-21 19:29:27,093 DEBUG org.hibernate.validator.internal.engine.ValidatorFactoryImpl:582 [main] [logValidatorFactoryScopedConfiguration] HV000234: Using org.hibernate.validator.internal.engine.scripting.DefaultScriptEvaluatorFactory as ValidatorFactory-scoped script evaluator factory.
2019-12-21 19:29:28,786 INFO  com.netflix.discovery.DiscoveryClient:349 [main] [<init>] Initializing Eureka in region us-east-1
2019-12-21 19:29:28,787 INFO  com.netflix.discovery.DiscoveryClient:352 [main] [<init>] Client configured to neither register nor query for data.
2019-12-21 19:29:28,810 INFO  com.netflix.discovery.DiscoveryClient:365 [main] [<init>] Discovery Client initialized at timestamp 1576927768808 with initial instances count: 0
2019-12-21 19:29:28,917 INFO  com.netflix.eureka.DefaultEurekaServerContext:63 [main] [initialize] Initializing ...
2019-12-21 19:29:28,921 DEBUG com.netflix.discovery.endpoint.EndpointUtils:198 [main] [getServiceUrlsFromConfig] The availability zone for the given region us-east-1 are [defaultZone]
2019-12-21 19:29:28,923 WARN  com.netflix.eureka.cluster.PeerEurekaNodes:156 [main] [updatePeerEurekaNodes] The replica size seems to be empty. Check the route 53 DNS Registry
2019-12-21 19:29:28,960 INFO  com.netflix.eureka.registry.AbstractInstanceRegistry:151 [main] [initRemoteRegionRegistry] Finished initializing remote region registries. All known remote regions: []
2019-12-21 19:29:28,961 INFO  com.netflix.eureka.DefaultEurekaServerContext:70 [main] [initialize] Initialized
2019-12-21 19:29:29,209 INFO  com.netflix.eureka.registry.PeerAwareInstanceRegistryImpl:242 [Thread-13] [openForTraffic] Got 1 instances from neighboring DS node
2019-12-21 19:29:29,210 INFO  com.netflix.eureka.registry.PeerAwareInstanceRegistryImpl:243 [Thread-13] [openForTraffic] Renew threshold is: 0
2019-12-21 19:29:29,210 INFO  com.netflix.eureka.registry.PeerAwareInstanceRegistryImpl:254 [Thread-13] [openForTraffic] Changing status to UP
2019-12-21 19:29:29,214 INFO  org.apache.juli.logging.DirectJDKLog:180 [main] [log] Starting ProtocolHandler ["http-nio-8761"]
2019-12-21 19:29:29,251 INFO  org.apache.juli.logging.DirectJDKLog:180 [main] [log] Using a shared selector for servlet write/read
2019-12-21 19:29:29,290 INFO  org.springframework.boot.StartupInfoLogger:59 [main] [logStarted] Started ServerApplication in 9.536 seconds (JVM running for 10.662)
2019-12-21 19:29:30,003 DEBUG com.netflix.eureka.registry.ResponseCacheImpl$4:173 [Eureka-CacheFillTimer] [run] Updating the client cache from response cache
2019-12-21 19:29:34,214 INFO  com.netflix.eureka.registry.AbstractInstanceRegistry$EvictionTask:1247 [Eureka-EvictionTimer] [run] Running the evict task with compensationTime 0ms
2019-12-21 19:29:34,214 DEBUG com.netflix.eureka.registry.AbstractInstanceRegistry:583 [Eureka-EvictionTimer] [evict] Running the evict task
2019-12-21 19:29:34,214 DEBUG com.netflix.eureka.registry.AbstractInstanceRegistry:586 [Eureka-EvictionTimer] [evict] DS: lease expiration is currently disabled.
2019-12-21 19:29:39,214 INFO  com.netflix.eureka.registry.AbstractInstanceRegistry$EvictionTask:1247 [Eureka-EvictionTimer] [run] Running the evict task with compensationTime 0ms
2019-12-21 19:29:39,214 DEBUG com.netflix.eureka.registry.AbstractInstanceRegistry:583 [Eureka-EvictionTimer] [evict] Running the evict task
2019-12-21 19:29:39,214 DEBUG com.netflix.eureka.registry.AbstractInstanceRegistry:586 [Eureka-EvictionTimer] [evict] DS: lease expiration is currently disabled.
2019-12-21 19:29:39,551 INFO  com.netflix.eureka.DefaultEurekaServerContext:76 [Thread-15] [shutdown] Shutting down ...
2019-12-21 19:29:39,587 INFO  com.netflix.eureka.DefaultEurekaServerContext:79 [Thread-15] [shutdown] Shut down
2019-12-21 19:29:39,595 INFO  com.netflix.discovery.DiscoveryClient:888 [Thread-15] [shutdown] Shutting down DiscoveryClient ...
2019-12-21 19:29:39,596 INFO  com.netflix.discovery.DiscoveryClient:911 [Thread-15] [shutdown] Completed shut down of DiscoveryClient
2019-12-21 19:30:08,332 INFO  org.springframework.boot.SpringApplication:654 [main] [logStartupProfileInfo] No active profile set, falling back to default profiles: default
2019-12-21 19:30:10,886 INFO  org.apache.juli.logging.DirectJDKLog:180 [main] [log] Initializing ProtocolHandler ["http-nio-8761"]
2019-12-21 19:30:10,915 INFO  org.apache.juli.logging.DirectJDKLog:180 [main] [log] Starting service [Tomcat]
2019-12-21 19:30:10,917 INFO  org.apache.juli.logging.DirectJDKLog:180 [main] [log] Starting Servlet Engine: Apache Tomcat/8.5.34
2019-12-21 19:30:10,934 INFO  org.apache.juli.logging.DirectJDKLog:180 [localhost-startStop-1] [log] The APR based Apache Tomcat Native library which allows optimal performance in production environments was not found on the java.library.path: [/Users/ygqygq2/Library/Java/Extensions:/Library/Java/Extensions:/Network/Library/Java/Extensions:/System/Library/Java/Extensions:/usr/lib/java:.]
2019-12-21 19:30:11,050 INFO  org.apache.juli.logging.DirectJDKLog:180 [localhost-startStop-1] [log] Initializing Spring embedded WebApplicationContext
2019-12-21 19:30:11,350 WARN  com.netflix.config.sources.URLConfigurationSource:121 [localhost-startStop-1] [<init>] No URLs will be polled as dynamic configuration sources.
2019-12-21 19:30:11,351 INFO  com.netflix.config.sources.URLConfigurationSource:122 [localhost-startStop-1] [<init>] To enable URLs as dynamic configuration sources, define System property archaius.configurationSource.additionalUrls or make config.properties available on classpath.
2019-12-21 19:30:11,365 DEBUG com.netflix.hystrix.strategy.HystrixPlugins:386 [localhost-startStop-1] [resolveDynamicProperties] Created HystrixDynamicProperties. Using class : com.netflix.hystrix.strategy.properties.archaius.HystrixDynamicPropertiesArchaius
2019-12-21 19:30:11,428 INFO  com.netflix.config.DynamicPropertyFactory:281 [localhost-startStop-1] [getInstance] DynamicPropertyFactory is initialized with configuration sources: com.netflix.config.ConcurrentCompositeConfiguration@7b066480
2019-12-21 19:30:13,574 INFO  com.sun.jersey.server.impl.application.WebApplicationImpl:815 [localhost-startStop-1] [_initiate] Initiating Jersey application, version 'Jersey: 1.19.1 03/11/2016 02:08 PM'
2019-12-21 19:30:13,694 INFO  com.netflix.discovery.provider.DiscoveryJerseyProvider:70 [localhost-startStop-1] [<init>] Using JSON encoding codec LegacyJacksonJson
2019-12-21 19:30:13,695 INFO  com.netflix.discovery.provider.DiscoveryJerseyProvider:71 [localhost-startStop-1] [<init>] Using JSON decoding codec LegacyJacksonJson
2019-12-21 19:30:13,976 INFO  com.netflix.discovery.provider.DiscoveryJerseyProvider:80 [localhost-startStop-1] [<init>] Using XML encoding codec XStreamXml
2019-12-21 19:30:13,976 INFO  com.netflix.discovery.provider.DiscoveryJerseyProvider:81 [localhost-startStop-1] [<init>] Using XML decoding codec XStreamXml
2019-12-21 19:30:14,593 WARN  com.netflix.config.sources.URLConfigurationSource:121 [main] [<init>] No URLs will be polled as dynamic configuration sources.
2019-12-21 19:30:14,594 INFO  com.netflix.config.sources.URLConfigurationSource:122 [main] [<init>] To enable URLs as dynamic configuration sources, define System property archaius.configurationSource.additionalUrls or make config.properties available on classpath.
2019-12-21 19:30:14,620 DEBUG org.hibernate.validator.internal.engine.resolver.TraversableResolvers:60 [main] [getDefault] Cannot find javax.persistence.Persistence on classpath. Assuming non JPA 2 environment. All properties will per default be traversable.
2019-12-21 19:30:14,622 DEBUG org.hibernate.validator.messageinterpolation.ResourceBundleMessageInterpolator:89 [main] [buildExpressionFactory] Loaded expression factory via original TCCL
2019-12-21 19:30:14,635 DEBUG org.hibernate.validator.internal.engine.resolver.TraversableResolvers:60 [main] [getDefault] Cannot find javax.persistence.Persistence on classpath. Assuming non JPA 2 environment. All properties will per default be traversable.
2019-12-21 19:30:14,636 DEBUG org.hibernate.validator.internal.engine.ConfigurationImpl:148 [main] [messageInterpolator] Setting custom MessageInterpolator of type org.springframework.validation.beanvalidation.LocaleContextMessageInterpolator
2019-12-21 19:30:14,637 DEBUG org.hibernate.validator.internal.engine.ConfigurationImpl:180 [main] [constraintValidatorFactory] Setting custom ConstraintValidatorFactory of type org.springframework.validation.beanvalidation.SpringConstraintValidatorFactory
2019-12-21 19:30:14,638 DEBUG org.hibernate.validator.internal.engine.ConfigurationImpl:194 [main] [parameterNameProvider] Setting custom ParameterNameProvider of type org.springframework.validation.beanvalidation.LocalValidatorFactoryBean$1
2019-12-21 19:30:14,639 DEBUG org.hibernate.validator.internal.xml.config.ValidationXmlParser:120 [main] [getValidationXmlInputStream] Trying to load META-INF/validation.xml for XML based Validator configuration.
2019-12-21 19:30:14,640 DEBUG org.hibernate.validator.internal.xml.config.ResourceLoaderHelper:53 [main] [getResettableInputStreamForPath] Trying to load META-INF/validation.xml via user class loader
2019-12-21 19:30:14,641 DEBUG org.hibernate.validator.internal.xml.config.ResourceLoaderHelper:60 [main] [getResettableInputStreamForPath] Trying to load META-INF/validation.xml via TCCL
2019-12-21 19:30:14,645 DEBUG org.hibernate.validator.internal.xml.config.ResourceLoaderHelper:66 [main] [getResettableInputStreamForPath] Trying to load META-INF/validation.xml via Hibernate Validator's class loader
2019-12-21 19:30:14,646 DEBUG org.hibernate.validator.internal.xml.config.ValidationXmlParser:127 [main] [getValidationXmlInputStream] No META-INF/validation.xml found. Using annotation based configuration only.
2019-12-21 19:30:14,656 DEBUG org.hibernate.validator.internal.engine.ValidatorFactoryImpl:578 [main] [logValidatorFactoryScopedConfiguration] HV000234: Using org.springframework.validation.beanvalidation.LocaleContextMessageInterpolator as ValidatorFactory-scoped message interpolator.
2019-12-21 19:30:14,657 DEBUG org.hibernate.validator.internal.engine.ValidatorFactoryImpl:579 [main] [logValidatorFactoryScopedConfiguration] HV000234: Using org.hibernate.validator.internal.engine.resolver.TraverseAllTraversableResolver as ValidatorFactory-scoped traversable resolver.
2019-12-21 19:30:14,657 DEBUG org.hibernate.validator.internal.engine.ValidatorFactoryImpl:580 [main] [logValidatorFactoryScopedConfiguration] HV000234: Using org.hibernate.validator.internal.util.ExecutableParameterNameProvider as ValidatorFactory-scoped parameter name provider.
2019-12-21 19:30:14,658 DEBUG org.hibernate.validator.internal.engine.ValidatorFactoryImpl:581 [main] [logValidatorFactoryScopedConfiguration] HV000234: Using org.hibernate.validator.internal.engine.DefaultClockProvider as ValidatorFactory-scoped clock provider.
2019-12-21 19:30:14,658 DEBUG org.hibernate.validator.internal.engine.ValidatorFactoryImpl:582 [main] [logValidatorFactoryScopedConfiguration] HV000234: Using org.hibernate.validator.internal.engine.scripting.DefaultScriptEvaluatorFactory as ValidatorFactory-scoped script evaluator factory.
2019-12-21 19:30:16,337 INFO  com.netflix.discovery.DiscoveryClient:349 [main] [<init>] Initializing Eureka in region us-east-1
2019-12-21 19:30:16,338 INFO  com.netflix.discovery.DiscoveryClient:352 [main] [<init>] Client configured to neither register nor query for data.
2019-12-21 19:30:16,381 INFO  com.netflix.discovery.DiscoveryClient:365 [main] [<init>] Discovery Client initialized at timestamp 1576927816379 with initial instances count: 0
2019-12-21 19:30:16,485 INFO  com.netflix.eureka.DefaultEurekaServerContext:63 [main] [initialize] Initializing ...
2019-12-21 19:30:16,490 DEBUG com.netflix.discovery.endpoint.EndpointUtils:198 [main] [getServiceUrlsFromConfig] The availability zone for the given region us-east-1 are [defaultZone]
2019-12-21 19:30:16,491 WARN  com.netflix.eureka.cluster.PeerEurekaNodes:156 [main] [updatePeerEurekaNodes] The replica size seems to be empty. Check the route 53 DNS Registry
2019-12-21 19:30:16,536 INFO  com.netflix.eureka.registry.AbstractInstanceRegistry:151 [main] [initRemoteRegionRegistry] Finished initializing remote region registries. All known remote regions: []
2019-12-21 19:30:16,538 INFO  com.netflix.eureka.DefaultEurekaServerContext:70 [main] [initialize] Initialized
2019-12-21 19:30:16,761 INFO  com.netflix.eureka.registry.PeerAwareInstanceRegistryImpl:242 [Thread-13] [openForTraffic] Got 1 instances from neighboring DS node
2019-12-21 19:30:16,761 INFO  com.netflix.eureka.registry.PeerAwareInstanceRegistryImpl:243 [Thread-13] [openForTraffic] Renew threshold is: 0
2019-12-21 19:30:16,761 INFO  com.netflix.eureka.registry.PeerAwareInstanceRegistryImpl:254 [Thread-13] [openForTraffic] Changing status to UP
2019-12-21 19:30:16,790 INFO  org.apache.juli.logging.DirectJDKLog:180 [main] [log] Starting ProtocolHandler ["http-nio-8761"]
2019-12-21 19:30:16,821 INFO  org.apache.juli.logging.DirectJDKLog:180 [main] [log] Using a shared selector for servlet write/read
2019-12-21 19:30:16,859 INFO  org.springframework.boot.StartupInfoLogger:59 [main] [logStarted] Started ServerApplication in 10.609 seconds (JVM running for 11.775)
2019-12-21 19:30:21,764 INFO  com.netflix.eureka.registry.AbstractInstanceRegistry$EvictionTask:1247 [Eureka-EvictionTimer] [run] Running the evict task with compensationTime 0ms
2019-12-21 19:30:21,765 DEBUG com.netflix.eureka.registry.AbstractInstanceRegistry:583 [Eureka-EvictionTimer] [evict] Running the evict task
2019-12-21 19:30:21,765 DEBUG com.netflix.eureka.registry.AbstractInstanceRegistry:586 [Eureka-EvictionTimer] [evict] DS: lease expiration is currently disabled.
2019-12-21 19:30:26,768 INFO  com.netflix.eureka.registry.AbstractInstanceRegistry$EvictionTask:1247 [Eureka-EvictionTimer] [run] Running the evict task with compensationTime 3ms
2019-12-21 19:30:26,768 DEBUG com.netflix.eureka.registry.AbstractInstanceRegistry:583 [Eureka-EvictionTimer] [evict] Running the evict task
2019-12-21 19:30:26,768 DEBUG com.netflix.eureka.registry.AbstractInstanceRegistry:586 [Eureka-EvictionTimer] [evict] DS: lease expiration is currently disabled.
2019-12-21 19:30:30,002 DEBUG com.netflix.eureka.registry.ResponseCacheImpl$4:173 [Eureka-CacheFillTimer] [run] Updating the client cache from response cache
2019-12-21 19:30:31,771 INFO  com.netflix.eureka.registry.AbstractInstanceRegistry$EvictionTask:1247 [Eureka-EvictionTimer] [run] Running the evict task with compensationTime 3ms
2019-12-21 19:30:31,772 DEBUG com.netflix.eureka.registry.AbstractInstanceRegistry:583 [Eureka-EvictionTimer] [evict] Running the evict task
2019-12-21 19:30:31,772 DEBUG com.netflix.eureka.registry.AbstractInstanceRegistry:586 [Eureka-EvictionTimer] [evict] DS: lease expiration is currently disabled.
2019-12-21 19:30:36,775 INFO  com.netflix.eureka.registry.AbstractInstanceRegistry$EvictionTask:1247 [Eureka-EvictionTimer] [run] Running the evict task with compensationTime 3ms
2019-12-21 19:30:36,775 DEBUG com.netflix.eureka.registry.AbstractInstanceRegistry:583 [Eureka-EvictionTimer] [evict] Running the evict task
2019-12-21 19:30:36,776 DEBUG com.netflix.eureka.registry.AbstractInstanceRegistry:586 [Eureka-EvictionTimer] [evict] DS: lease expiration is currently disabled.
2019-12-21 19:30:41,777 INFO  com.netflix.eureka.registry.AbstractInstanceRegistry$EvictionTask:1247 [Eureka-EvictionTimer] [run] Running the evict task with compensationTime 1ms
2019-12-21 19:30:41,777 DEBUG com.netflix.eureka.registry.AbstractInstanceRegistry:583 [Eureka-EvictionTimer] [evict] Running the evict task
2019-12-21 19:30:41,778 DEBUG com.netflix.eureka.registry.AbstractInstanceRegistry:586 [Eureka-EvictionTimer] [evict] DS: lease expiration is currently disabled.
2019-12-21 19:30:46,780 INFO  com.netflix.eureka.registry.AbstractInstanceRegistry$EvictionTask:1247 [Eureka-EvictionTimer] [run] Running the evict task with compensationTime 3ms
2019-12-21 19:30:46,781 DEBUG com.netflix.eureka.registry.AbstractInstanceRegistry:583 [Eureka-EvictionTimer] [evict] Running the evict task
2019-12-21 19:30:46,781 DEBUG com.netflix.eureka.registry.AbstractInstanceRegistry:586 [Eureka-EvictionTimer] [evict] DS: lease expiration is currently disabled.
2019-12-21 19:30:51,784 INFO  com.netflix.eureka.registry.AbstractInstanceRegistry$EvictionTask:1247 [Eureka-EvictionTimer] [run] Running the evict task with compensationTime 3ms
2019-12-21 19:30:51,784 DEBUG com.netflix.eureka.registry.AbstractInstanceRegistry:583 [Eureka-EvictionTimer] [evict] Running the evict task
2019-12-21 19:30:51,784 DEBUG com.netflix.eureka.registry.AbstractInstanceRegistry:586 [Eureka-EvictionTimer] [evict] DS: lease expiration is currently disabled.
2019-12-21 19:30:56,787 INFO  com.netflix.eureka.registry.AbstractInstanceRegistry$EvictionTask:1247 [Eureka-EvictionTimer] [run] Running the evict task with compensationTime 2ms
2019-12-21 19:30:56,787 DEBUG com.netflix.eureka.registry.AbstractInstanceRegistry:583 [Eureka-EvictionTimer] [evict] Running the evict task
2019-12-21 19:30:56,788 DEBUG com.netflix.eureka.registry.AbstractInstanceRegistry:586 [Eureka-EvictionTimer] [evict] DS: lease expiration is currently disabled.
2019-12-21 19:31:00,007 DEBUG com.netflix.eureka.registry.ResponseCacheImpl$4:173 [Eureka-CacheFillTimer] [run] Updating the client cache from response cache
2019-12-21 19:31:01,788 INFO  com.netflix.eureka.registry.AbstractInstanceRegistry$EvictionTask:1247 [Eureka-EvictionTimer] [run] Running the evict task with compensationTime 1ms
2019-12-21 19:31:01,788 DEBUG com.netflix.eureka.registry.AbstractInstanceRegistry:583 [Eureka-EvictionTimer] [evict] Running the evict task
2019-12-21 19:31:01,789 DEBUG com.netflix.eureka.registry.AbstractInstanceRegistry:586 [Eureka-EvictionTimer] [evict] DS: lease expiration is currently disabled.
2019-12-21 19:31:06,791 INFO  com.netflix.eureka.registry.AbstractInstanceRegistry$EvictionTask:1247 [Eureka-EvictionTimer] [run] Running the evict task with compensationTime 2ms
2019-12-21 19:31:06,791 DEBUG com.netflix.eureka.registry.AbstractInstanceRegistry:583 [Eureka-EvictionTimer] [evict] Running the evict task
2019-12-21 19:31:06,791 DEBUG com.netflix.eureka.registry.AbstractInstanceRegistry:586 [Eureka-EvictionTimer] [evict] DS: lease expiration is currently disabled.
2019-12-21 19:31:11,792 INFO  com.netflix.eureka.registry.AbstractInstanceRegistry$EvictionTask:1247 [Eureka-EvictionTimer] [run] Running the evict task with compensationTime 1ms
2019-12-21 19:31:11,792 DEBUG com.netflix.eureka.registry.AbstractInstanceRegistry:583 [Eureka-EvictionTimer] [evict] Running the evict task
2019-12-21 19:31:11,792 DEBUG com.netflix.eureka.registry.AbstractInstanceRegistry:586 [Eureka-EvictionTimer] [evict] DS: lease expiration is currently disabled.
2019-12-21 19:31:16,792 INFO  com.netflix.eureka.registry.AbstractInstanceRegistry$EvictionTask:1247 [Eureka-EvictionTimer] [run] Running the evict task with compensationTime 0ms
2019-12-21 19:31:16,793 DEBUG com.netflix.eureka.registry.AbstractInstanceRegistry:583 [Eureka-EvictionTimer] [evict] Running the evict task
2019-12-21 19:31:16,793 DEBUG com.netflix.eureka.registry.AbstractInstanceRegistry:586 [Eureka-EvictionTimer] [evict] DS: lease expiration is currently disabled.
2019-12-21 19:31:21,797 INFO  com.netflix.eureka.registry.AbstractInstanceRegistry$EvictionTask:1247 [Eureka-EvictionTimer] [run] Running the evict task with compensationTime 4ms
2019-12-21 19:31:21,797 DEBUG com.netflix.eureka.registry.AbstractInstanceRegistry:583 [Eureka-EvictionTimer] [evict] Running the evict task
2019-12-21 19:31:21,797 DEBUG com.netflix.eureka.registry.AbstractInstanceRegistry:586 [Eureka-EvictionTimer] [evict] DS: lease expiration is currently disabled.
2019-12-21 19:31:26,798 INFO  com.netflix.eureka.registry.AbstractInstanceRegistry$EvictionTask:1247 [Eureka-EvictionTimer] [run] Running the evict task with compensationTime 1ms
2019-12-21 19:31:26,798 DEBUG com.netflix.eureka.registry.AbstractInstanceRegistry:583 [Eureka-EvictionTimer] [evict] Running the evict task
2019-12-21 19:31:26,798 DEBUG com.netflix.eureka.registry.AbstractInstanceRegistry:586 [Eureka-EvictionTimer] [evict] DS: lease expiration is currently disabled.
2019-12-21 19:31:30,012 DEBUG com.netflix.eureka.registry.ResponseCacheImpl$4:173 [Eureka-CacheFillTimer] [run] Updating the client cache from response cache
2019-12-21 19:31:31,799 INFO  com.netflix.eureka.registry.AbstractInstanceRegistry$EvictionTask:1247 [Eureka-EvictionTimer] [run] Running the evict task with compensationTime 1ms
2019-12-21 19:31:31,800 DEBUG com.netflix.eureka.registry.AbstractInstanceRegistry:583 [Eureka-EvictionTimer] [evict] Running the evict task
2019-12-21 19:31:31,800 DEBUG com.netflix.eureka.registry.AbstractInstanceRegistry:586 [Eureka-EvictionTimer] [evict] DS: lease expiration is currently disabled.
2019-12-21 19:31:36,800 INFO  com.netflix.eureka.registry.AbstractInstanceRegistry$EvictionTask:1247 [Eureka-EvictionTimer] [run] Running the evict task with compensationTime 0ms
2019-12-21 19:31:36,800 DEBUG com.netflix.eureka.registry.AbstractInstanceRegistry:583 [Eureka-EvictionTimer] [evict] Running the evict task
2019-12-21 19:31:36,800 DEBUG com.netflix.eureka.registry.AbstractInstanceRegistry:586 [Eureka-EvictionTimer] [evict] DS: lease expiration is currently disabled.
2019-12-21 19:31:41,802 INFO  com.netflix.eureka.registry.AbstractInstanceRegistry$EvictionTask:1247 [Eureka-EvictionTimer] [run] Running the evict task with compensationTime 2ms
2019-12-21 19:31:41,802 DEBUG com.netflix.eureka.registry.AbstractInstanceRegistry:583 [Eureka-EvictionTimer] [evict] Running the evict task
2019-12-21 19:31:41,803 DEBUG com.netflix.eureka.registry.AbstractInstanceRegistry:586 [Eureka-EvictionTimer] [evict] DS: lease expiration is currently disabled.
2019-12-21 19:31:46,806 INFO  com.netflix.eureka.registry.AbstractInstanceRegistry$EvictionTask:1247 [Eureka-EvictionTimer] [run] Running the evict task with compensationTime 3ms
2019-12-21 19:31:46,807 DEBUG com.netflix.eureka.registry.AbstractInstanceRegistry:583 [Eureka-EvictionTimer] [evict] Running the evict task
2019-12-21 19:31:46,807 DEBUG com.netflix.eureka.registry.AbstractInstanceRegistry:586 [Eureka-EvictionTimer] [evict] DS: lease expiration is currently disabled.
2019-12-21 19:31:51,807 INFO  com.netflix.eureka.registry.AbstractInstanceRegistry$EvictionTask:1247 [Eureka-EvictionTimer] [run] Running the evict task with compensationTime 0ms
2019-12-21 19:31:51,807 DEBUG com.netflix.eureka.registry.AbstractInstanceRegistry:583 [Eureka-EvictionTimer] [evict] Running the evict task
2019-12-21 19:31:51,808 DEBUG com.netflix.eureka.registry.AbstractInstanceRegistry:586 [Eureka-EvictionTimer] [evict] DS: lease expiration is currently disabled.
2019-12-21 19:31:56,807 INFO  com.netflix.eureka.registry.AbstractInstanceRegistry$EvictionTask:1247 [Eureka-EvictionTimer] [run] Running the evict task with compensationTime 0ms
2019-12-21 19:31:56,808 DEBUG com.netflix.eureka.registry.AbstractInstanceRegistry:583 [Eureka-EvictionTimer] [evict] Running the evict task
2019-12-21 19:31:56,808 DEBUG com.netflix.eureka.registry.AbstractInstanceRegistry:586 [Eureka-EvictionTimer] [evict] DS: lease expiration is currently disabled.
2019-12-21 19:32:00,015 DEBUG com.netflix.eureka.registry.ResponseCacheImpl$4:173 [Eureka-CacheFillTimer] [run] Updating the client cache from response cache
2019-12-21 19:32:01,807 INFO  com.netflix.eureka.registry.AbstractInstanceRegistry$EvictionTask:1247 [Eureka-EvictionTimer] [run] Running the evict task with compensationTime 0ms
2019-12-21 19:32:01,808 DEBUG com.netflix.eureka.registry.AbstractInstanceRegistry:583 [Eureka-EvictionTimer] [evict] Running the evict task
2019-12-21 19:32:01,808 DEBUG com.netflix.eureka.registry.AbstractInstanceRegistry:586 [Eureka-EvictionTimer] [evict] DS: lease expiration is currently disabled.
2019-12-21 19:32:06,812 INFO  com.netflix.eureka.registry.AbstractInstanceRegistry$EvictionTask:1247 [Eureka-EvictionTimer] [run] Running the evict task with compensationTime 4ms
2019-12-21 19:32:06,812 DEBUG com.netflix.eureka.registry.AbstractInstanceRegistry:583 [Eureka-EvictionTimer] [evict] Running the evict task
2019-12-21 19:32:06,812 DEBUG com.netflix.eureka.registry.AbstractInstanceRegistry:586 [Eureka-EvictionTimer] [evict] DS: lease expiration is currently disabled.
2019-12-21 19:32:11,816 INFO  com.netflix.eureka.registry.AbstractInstanceRegistry$EvictionTask:1247 [Eureka-EvictionTimer] [run] Running the evict task with compensationTime 3ms
2019-12-21 19:32:11,816 DEBUG com.netflix.eureka.registry.AbstractInstanceRegistry:583 [Eureka-EvictionTimer] [evict] Running the evict task
2019-12-21 19:32:11,816 DEBUG com.netflix.eureka.registry.AbstractInstanceRegistry:586 [Eureka-EvictionTimer] [evict] DS: lease expiration is currently disabled.
2019-12-21 19:32:16,820 INFO  com.netflix.eureka.registry.AbstractInstanceRegistry$EvictionTask:1247 [Eureka-EvictionTimer] [run] Running the evict task with compensationTime 3ms
2019-12-21 19:32:16,820 DEBUG com.netflix.eureka.registry.AbstractInstanceRegistry:583 [Eureka-EvictionTimer] [evict] Running the evict task
2019-12-21 19:32:16,820 DEBUG com.netflix.eureka.registry.AbstractInstanceRegistry:586 [Eureka-EvictionTimer] [evict] DS: lease expiration is currently disabled.
2019-12-21 19:32:21,822 INFO  com.netflix.eureka.registry.AbstractInstanceRegistry$EvictionTask:1247 [Eureka-EvictionTimer] [run] Running the evict task with compensationTime 1ms
2019-12-21 19:32:21,822 DEBUG com.netflix.eureka.registry.AbstractInstanceRegistry:583 [Eureka-EvictionTimer] [evict] Running the evict task
2019-12-21 19:32:21,822 DEBUG com.netflix.eureka.registry.AbstractInstanceRegistry:586 [Eureka-EvictionTimer] [evict] DS: lease expiration is currently disabled.
2019-12-21 19:32:26,824 INFO  com.netflix.eureka.registry.AbstractInstanceRegistry$EvictionTask:1247 [Eureka-EvictionTimer] [run] Running the evict task with compensationTime 2ms
2019-12-21 19:32:26,824 DEBUG com.netflix.eureka.registry.AbstractInstanceRegistry:583 [Eureka-EvictionTimer] [evict] Running the evict task
2019-12-21 19:32:26,824 DEBUG com.netflix.eureka.registry.AbstractInstanceRegistry:586 [Eureka-EvictionTimer] [evict] DS: lease expiration is currently disabled.
2019-12-21 19:32:30,020 DEBUG com.netflix.eureka.registry.ResponseCacheImpl$4:173 [Eureka-CacheFillTimer] [run] Updating the client cache from response cache
2019-12-21 19:32:31,830 INFO  com.netflix.eureka.registry.AbstractInstanceRegistry$EvictionTask:1247 [Eureka-EvictionTimer] [run] Running the evict task with compensationTime 5ms
2019-12-21 19:32:31,830 DEBUG com.netflix.eureka.registry.AbstractInstanceRegistry:583 [Eureka-EvictionTimer] [evict] Running the evict task
2019-12-21 19:32:31,830 DEBUG com.netflix.eureka.registry.AbstractInstanceRegistry:586 [Eureka-EvictionTimer] [evict] DS: lease expiration is currently disabled.
2019-12-21 19:32:36,832 INFO  com.netflix.eureka.registry.AbstractInstanceRegistry$EvictionTask:1247 [Eureka-EvictionTimer] [run] Running the evict task with compensationTime 2ms
2019-12-21 19:32:36,832 DEBUG com.netflix.eureka.registry.AbstractInstanceRegistry:583 [Eureka-EvictionTimer] [evict] Running the evict task
2019-12-21 19:32:36,832 DEBUG com.netflix.eureka.registry.AbstractInstanceRegistry:586 [Eureka-EvictionTimer] [evict] DS: lease expiration is currently disabled.
2019-12-21 19:32:41,832 INFO  com.netflix.eureka.registry.AbstractInstanceRegistry$EvictionTask:1247 [Eureka-EvictionTimer] [run] Running the evict task with compensationTime 0ms
2019-12-21 19:32:41,833 DEBUG com.netflix.eureka.registry.AbstractInstanceRegistry:583 [Eureka-EvictionTimer] [evict] Running the evict task
2019-12-21 19:32:41,833 DEBUG com.netflix.eureka.registry.AbstractInstanceRegistry:586 [Eureka-EvictionTimer] [evict] DS: lease expiration is currently disabled.
2019-12-21 19:32:46,834 INFO  com.netflix.eureka.registry.AbstractInstanceRegistry$EvictionTask:1247 [Eureka-EvictionTimer] [run] Running the evict task with compensationTime 1ms
2019-12-21 19:32:46,835 DEBUG com.netflix.eureka.registry.AbstractInstanceRegistry:583 [Eureka-EvictionTimer] [evict] Running the evict task
2019-12-21 19:32:46,835 DEBUG com.netflix.eureka.registry.AbstractInstanceRegistry:586 [Eureka-EvictionTimer] [evict] DS: lease expiration is currently disabled.
2019-12-21 19:32:51,836 INFO  com.netflix.eureka.registry.AbstractInstanceRegistry$EvictionTask:1247 [Eureka-EvictionTimer] [run] Running the evict task with compensationTime 1ms
2019-12-21 19:32:51,836 DEBUG com.netflix.eureka.registry.AbstractInstanceRegistry:583 [Eureka-EvictionTimer] [evict] Running the evict task
2019-12-21 19:32:51,836 DEBUG com.netflix.eureka.registry.AbstractInstanceRegistry:586 [Eureka-EvictionTimer] [evict] DS: lease expiration is currently disabled.
2019-12-21 19:32:56,840 INFO  com.netflix.eureka.registry.AbstractInstanceRegistry$EvictionTask:1247 [Eureka-EvictionTimer] [run] Running the evict task with compensationTime 3ms
2019-12-21 19:32:56,840 DEBUG com.netflix.eureka.registry.AbstractInstanceRegistry:583 [Eureka-EvictionTimer] [evict] Running the evict task
2019-12-21 19:32:56,840 DEBUG com.netflix.eureka.registry.AbstractInstanceRegistry:586 [Eureka-EvictionTimer] [evict] DS: lease expiration is currently disabled.
2019-12-21 19:33:00,021 DEBUG com.netflix.eureka.registry.ResponseCacheImpl$4:173 [Eureka-CacheFillTimer] [run] Updating the client cache from response cache
2019-12-21 19:33:01,843 INFO  com.netflix.eureka.registry.AbstractInstanceRegistry$EvictionTask:1247 [Eureka-EvictionTimer] [run] Running the evict task with compensationTime 3ms
2019-12-21 19:33:01,844 DEBUG com.netflix.eureka.registry.AbstractInstanceRegistry:583 [Eureka-EvictionTimer] [evict] Running the evict task
2019-12-21 19:33:01,844 DEBUG com.netflix.eureka.registry.AbstractInstanceRegistry:586 [Eureka-EvictionTimer] [evict] DS: lease expiration is currently disabled.
2019-12-21 19:33:06,844 INFO  com.netflix.eureka.registry.AbstractInstanceRegistry$EvictionTask:1247 [Eureka-EvictionTimer] [run] Running the evict task with compensationTime 0ms
2019-12-21 19:33:06,844 DEBUG com.netflix.eureka.registry.AbstractInstanceRegistry:583 [Eureka-EvictionTimer] [evict] Running the evict task
2019-12-21 19:33:06,845 DEBUG com.netflix.eureka.registry.AbstractInstanceRegistry:586 [Eureka-EvictionTimer] [evict] DS: lease expiration is currently disabled.
2019-12-21 19:33:11,849 INFO  com.netflix.eureka.registry.AbstractInstanceRegistry$EvictionTask:1247 [Eureka-EvictionTimer] [run] Running the evict task with compensationTime 4ms
2019-12-21 19:33:11,849 DEBUG com.netflix.eureka.registry.AbstractInstanceRegistry:583 [Eureka-EvictionTimer] [evict] Running the evict task
2019-12-21 19:33:11,849 DEBUG com.netflix.eureka.registry.AbstractInstanceRegistry:586 [Eureka-EvictionTimer] [evict] DS: lease expiration is currently disabled.
2019-12-21 19:33:16,851 INFO  com.netflix.eureka.registry.AbstractInstanceRegistry$EvictionTask:1247 [Eureka-EvictionTimer] [run] Running the evict task with compensationTime 2ms
2019-12-21 19:33:16,852 DEBUG com.netflix.eureka.registry.AbstractInstanceRegistry:583 [Eureka-EvictionTimer] [evict] Running the evict task
2019-12-21 19:33:16,852 DEBUG com.netflix.eureka.registry.AbstractInstanceRegistry:586 [Eureka-EvictionTimer] [evict] DS: lease expiration is currently disabled.
2019-12-21 19:33:21,856 INFO  com.netflix.eureka.registry.AbstractInstanceRegistry$EvictionTask:1247 [Eureka-EvictionTimer] [run] Running the evict task with compensationTime 4ms
2019-12-21 19:33:21,856 DEBUG com.netflix.eureka.registry.AbstractInstanceRegistry:583 [Eureka-EvictionTimer] [evict] Running the evict task
2019-12-21 19:33:21,857 DEBUG com.netflix.eureka.registry.AbstractInstanceRegistry:586 [Eureka-EvictionTimer] [evict] DS: lease expiration is currently disabled.
2019-12-21 19:33:26,858 INFO  com.netflix.eureka.registry.AbstractInstanceRegistry$EvictionTask:1247 [Eureka-EvictionTimer] [run] Running the evict task with compensationTime 2ms
2019-12-21 19:33:26,859 DEBUG com.netflix.eureka.registry.AbstractInstanceRegistry:583 [Eureka-EvictionTimer] [evict] Running the evict task
2019-12-21 19:33:26,859 DEBUG com.netflix.eureka.registry.AbstractInstanceRegistry:586 [Eureka-EvictionTimer] [evict] DS: lease expiration is currently disabled.
2019-12-21 19:33:30,025 DEBUG com.netflix.eureka.registry.ResponseCacheImpl$4:173 [Eureka-CacheFillTimer] [run] Updating the client cache from response cache
2019-12-21 19:33:31,859 INFO  com.netflix.eureka.registry.AbstractInstanceRegistry$EvictionTask:1247 [Eureka-EvictionTimer] [run] Running the evict task with compensationTime 0ms
2019-12-21 19:33:31,859 DEBUG com.netflix.eureka.registry.AbstractInstanceRegistry:583 [Eureka-EvictionTimer] [evict] Running the evict task
2019-12-21 19:33:31,859 DEBUG com.netflix.eureka.registry.AbstractInstanceRegistry:586 [Eureka-EvictionTimer] [evict] DS: lease expiration is currently disabled.
2019-12-21 19:33:36,862 INFO  com.netflix.eureka.registry.AbstractInstanceRegistry$EvictionTask:1247 [Eureka-EvictionTimer] [run] Running the evict task with compensationTime 3ms
2019-12-21 19:33:36,862 DEBUG com.netflix.eureka.registry.AbstractInstanceRegistry:583 [Eureka-EvictionTimer] [evict] Running the evict task
2019-12-21 19:33:36,863 DEBUG com.netflix.eureka.registry.AbstractInstanceRegistry:586 [Eureka-EvictionTimer] [evict] DS: lease expiration is currently disabled.
2019-12-21 19:33:41,866 INFO  com.netflix.eureka.registry.AbstractInstanceRegistry$EvictionTask:1247 [Eureka-EvictionTimer] [run] Running the evict task with compensationTime 3ms
2019-12-21 19:33:41,866 DEBUG com.netflix.eureka.registry.AbstractInstanceRegistry:583 [Eureka-EvictionTimer] [evict] Running the evict task
2019-12-21 19:33:41,866 DEBUG com.netflix.eureka.registry.AbstractInstanceRegistry:586 [Eureka-EvictionTimer] [evict] DS: lease expiration is currently disabled.
2019-12-21 19:33:46,870 INFO  com.netflix.eureka.registry.AbstractInstanceRegistry$EvictionTask:1247 [Eureka-EvictionTimer] [run] Running the evict task with compensationTime 4ms
2019-12-21 19:33:46,870 DEBUG com.netflix.eureka.registry.AbstractInstanceRegistry:583 [Eureka-EvictionTimer] [evict] Running the evict task
2019-12-21 19:33:46,871 DEBUG com.netflix.eureka.registry.AbstractInstanceRegistry:586 [Eureka-EvictionTimer] [evict] DS: lease expiration is currently disabled.
2019-12-21 19:33:51,871 INFO  com.netflix.eureka.registry.AbstractInstanceRegistry$EvictionTask:1247 [Eureka-EvictionTimer] [run] Running the evict task with compensationTime 0ms
2019-12-21 19:33:51,871 DEBUG com.netflix.eureka.registry.AbstractInstanceRegistry:583 [Eureka-EvictionTimer] [evict] Running the evict task
2019-12-21 19:33:51,871 DEBUG com.netflix.eureka.registry.AbstractInstanceRegistry:586 [Eureka-EvictionTimer] [evict] DS: lease expiration is currently disabled.
2019-12-21 19:33:56,874 INFO  com.netflix.eureka.registry.AbstractInstanceRegistry$EvictionTask:1247 [Eureka-EvictionTimer] [run] Running the evict task with compensationTime 2ms
2019-12-21 19:33:56,874 DEBUG com.netflix.eureka.registry.AbstractInstanceRegistry:583 [Eureka-EvictionTimer] [evict] Running the evict task
2019-12-21 19:33:56,874 DEBUG com.netflix.eureka.registry.AbstractInstanceRegistry:586 [Eureka-EvictionTimer] [evict] DS: lease expiration is currently disabled.
2019-12-21 19:34:00,028 DEBUG com.netflix.eureka.registry.ResponseCacheImpl$4:173 [Eureka-CacheFillTimer] [run] Updating the client cache from response cache
2019-12-21 19:34:01,878 INFO  com.netflix.eureka.registry.AbstractInstanceRegistry$EvictionTask:1247 [Eureka-EvictionTimer] [run] Running the evict task with compensationTime 3ms
2019-12-21 19:34:01,878 DEBUG com.netflix.eureka.registry.AbstractInstanceRegistry:583 [Eureka-EvictionTimer] [evict] Running the evict task
2019-12-21 19:34:01,878 DEBUG com.netflix.eureka.registry.AbstractInstanceRegistry:586 [Eureka-EvictionTimer] [evict] DS: lease expiration is currently disabled.
2019-12-21 19:34:06,882 INFO  com.netflix.eureka.registry.AbstractInstanceRegistry$EvictionTask:1247 [Eureka-EvictionTimer] [run] Running the evict task with compensationTime 3ms
2019-12-21 19:34:06,882 DEBUG com.netflix.eureka.registry.AbstractInstanceRegistry:583 [Eureka-EvictionTimer] [evict] Running the evict task
2019-12-21 19:34:06,882 DEBUG com.netflix.eureka.registry.AbstractInstanceRegistry:586 [Eureka-EvictionTimer] [evict] DS: lease expiration is currently disabled.
2019-12-21 19:34:11,887 INFO  com.netflix.eureka.registry.AbstractInstanceRegistry$EvictionTask:1247 [Eureka-EvictionTimer] [run] Running the evict task with compensationTime 4ms
2019-12-21 19:34:11,887 DEBUG com.netflix.eureka.registry.AbstractInstanceRegistry:583 [Eureka-EvictionTimer] [evict] Running the evict task
2019-12-21 19:34:11,887 DEBUG com.netflix.eureka.registry.AbstractInstanceRegistry:586 [Eureka-EvictionTimer] [evict] DS: lease expiration is currently disabled.
2019-12-21 19:34:16,887 INFO  com.netflix.eureka.registry.AbstractInstanceRegistry$EvictionTask:1247 [Eureka-EvictionTimer] [run] Running the evict task with compensationTime 0ms
2019-12-21 19:34:16,887 DEBUG com.netflix.eureka.registry.AbstractInstanceRegistry:583 [Eureka-EvictionTimer] [evict] Running the evict task
2019-12-21 19:34:16,887 DEBUG com.netflix.eureka.registry.AbstractInstanceRegistry:586 [Eureka-EvictionTimer] [evict] DS: lease expiration is currently disabled.
2019-12-21 19:34:21,890 INFO  com.netflix.eureka.registry.AbstractInstanceRegistry$EvictionTask:1247 [Eureka-EvictionTimer] [run] Running the evict task with compensationTime 3ms
2019-12-21 19:34:21,890 DEBUG com.netflix.eureka.registry.AbstractInstanceRegistry:583 [Eureka-EvictionTimer] [evict] Running the evict task
2019-12-21 19:34:21,891 DEBUG com.netflix.eureka.registry.AbstractInstanceRegistry:586 [Eureka-EvictionTimer] [evict] DS: lease expiration is currently disabled.
2019-12-21 19:34:26,894 INFO  com.netflix.eureka.registry.AbstractInstanceRegistry$EvictionTask:1247 [Eureka-EvictionTimer] [run] Running the evict task with compensationTime 3ms
2019-12-21 19:34:26,894 DEBUG com.netflix.eureka.registry.AbstractInstanceRegistry:583 [Eureka-EvictionTimer] [evict] Running the evict task
2019-12-21 19:34:26,894 DEBUG com.netflix.eureka.registry.AbstractInstanceRegistry:586 [Eureka-EvictionTimer] [evict] DS: lease expiration is currently disabled.
2019-12-21 19:34:30,033 DEBUG com.netflix.eureka.registry.ResponseCacheImpl$4:173 [Eureka-CacheFillTimer] [run] Updating the client cache from response cache
2019-12-21 19:34:31,898 INFO  com.netflix.eureka.registry.AbstractInstanceRegistry$EvictionTask:1247 [Eureka-EvictionTimer] [run] Running the evict task with compensationTime 4ms
2019-12-21 19:34:31,899 DEBUG com.netflix.eureka.registry.AbstractInstanceRegistry:583 [Eureka-EvictionTimer] [evict] Running the evict task
2019-12-21 19:34:31,899 DEBUG com.netflix.eureka.registry.AbstractInstanceRegistry:586 [Eureka-EvictionTimer] [evict] DS: lease expiration is currently disabled.
2019-12-21 19:34:36,898 INFO  com.netflix.eureka.registry.AbstractInstanceRegistry$EvictionTask:1247 [Eureka-EvictionTimer] [run] Running the evict task with compensationTime 0ms
2019-12-21 19:34:36,899 DEBUG com.netflix.eureka.registry.AbstractInstanceRegistry:583 [Eureka-EvictionTimer] [evict] Running the evict task
2019-12-21 19:34:36,899 DEBUG com.netflix.eureka.registry.AbstractInstanceRegistry:586 [Eureka-EvictionTimer] [evict] DS: lease expiration is currently disabled.
2019-12-21 19:34:41,899 INFO  com.netflix.eureka.registry.AbstractInstanceRegistry$EvictionTask:1247 [Eureka-EvictionTimer] [run] Running the evict task with compensationTime 0ms
2019-12-21 19:34:41,899 DEBUG com.netflix.eureka.registry.AbstractInstanceRegistry:583 [Eureka-EvictionTimer] [evict] Running the evict task
2019-12-21 19:34:41,899 DEBUG com.netflix.eureka.registry.AbstractInstanceRegistry:586 [Eureka-EvictionTimer] [evict] DS: lease expiration is currently disabled.
2019-12-21 19:34:46,902 INFO  com.netflix.eureka.registry.AbstractInstanceRegistry$EvictionTask:1247 [Eureka-EvictionTimer] [run] Running the evict task with compensationTime 3ms
2019-12-21 19:34:46,902 DEBUG com.netflix.eureka.registry.AbstractInstanceRegistry:583 [Eureka-EvictionTimer] [evict] Running the evict task
2019-12-21 19:34:46,902 DEBUG com.netflix.eureka.registry.AbstractInstanceRegistry:586 [Eureka-EvictionTimer] [evict] DS: lease expiration is currently disabled.
2019-12-21 19:34:51,906 INFO  com.netflix.eureka.registry.AbstractInstanceRegistry$EvictionTask:1247 [Eureka-EvictionTimer] [run] Running the evict task with compensationTime 3ms
2019-12-21 19:34:51,906 DEBUG com.netflix.eureka.registry.AbstractInstanceRegistry:583 [Eureka-EvictionTimer] [evict] Running the evict task
2019-12-21 19:34:51,906 DEBUG com.netflix.eureka.registry.AbstractInstanceRegistry:586 [Eureka-EvictionTimer] [evict] DS: lease expiration is currently disabled.
2019-12-21 19:34:56,909 INFO  com.netflix.eureka.registry.AbstractInstanceRegistry$EvictionTask:1247 [Eureka-EvictionTimer] [run] Running the evict task with compensationTime 3ms
2019-12-21 19:34:56,909 DEBUG com.netflix.eureka.registry.AbstractInstanceRegistry:583 [Eureka-EvictionTimer] [evict] Running the evict task
2019-12-21 19:34:56,909 DEBUG com.netflix.eureka.registry.AbstractInstanceRegistry:586 [Eureka-EvictionTimer] [evict] DS: lease expiration is currently disabled.
2019-12-21 19:35:00,037 DEBUG com.netflix.eureka.registry.ResponseCacheImpl$4:173 [Eureka-CacheFillTimer] [run] Updating the client cache from response cache
2019-12-21 19:35:01,909 INFO  com.netflix.eureka.registry.AbstractInstanceRegistry$EvictionTask:1247 [Eureka-EvictionTimer] [run] Running the evict task with compensationTime 0ms
2019-12-21 19:35:01,909 DEBUG com.netflix.eureka.registry.AbstractInstanceRegistry:583 [Eureka-EvictionTimer] [evict] Running the evict task
2019-12-21 19:35:01,910 DEBUG com.netflix.eureka.registry.AbstractInstanceRegistry:586 [Eureka-EvictionTimer] [evict] DS: lease expiration is currently disabled.
2019-12-21 19:35:06,910 INFO  com.netflix.eureka.registry.AbstractInstanceRegistry$EvictionTask:1247 [Eureka-EvictionTimer] [run] Running the evict task with compensationTime 0ms
2019-12-21 19:35:06,910 DEBUG com.netflix.eureka.registry.AbstractInstanceRegistry:583 [Eureka-EvictionTimer] [evict] Running the evict task
2019-12-21 19:35:06,910 DEBUG com.netflix.eureka.registry.AbstractInstanceRegistry:586 [Eureka-EvictionTimer] [evict] DS: lease expiration is currently disabled.
2019-12-21 19:35:11,914 INFO  com.netflix.eureka.registry.AbstractInstanceRegistry$EvictionTask:1247 [Eureka-EvictionTimer] [run] Running the evict task with compensationTime 3ms
2019-12-21 19:35:11,914 DEBUG com.netflix.eureka.registry.AbstractInstanceRegistry:583 [Eureka-EvictionTimer] [evict] Running the evict task
2019-12-21 19:35:11,914 DEBUG com.netflix.eureka.registry.AbstractInstanceRegistry:586 [Eureka-EvictionTimer] [evict] DS: lease expiration is currently disabled.
2019-12-21 19:35:16,919 INFO  com.netflix.eureka.registry.AbstractInstanceRegistry$EvictionTask:1247 [Eureka-EvictionTimer] [run] Running the evict task with compensationTime 5ms
2019-12-21 19:35:16,920 DEBUG com.netflix.eureka.registry.AbstractInstanceRegistry:583 [Eureka-EvictionTimer] [evict] Running the evict task
2019-12-21 19:35:16,920 DEBUG com.netflix.eureka.registry.AbstractInstanceRegistry:586 [Eureka-EvictionTimer] [evict] DS: lease expiration is currently disabled.
2019-12-21 19:35:21,921 INFO  com.netflix.eureka.registry.AbstractInstanceRegistry$EvictionTask:1247 [Eureka-EvictionTimer] [run] Running the evict task with compensationTime 1ms
2019-12-21 19:35:21,921 DEBUG com.netflix.eureka.registry.AbstractInstanceRegistry:583 [Eureka-EvictionTimer] [evict] Running the evict task
2019-12-21 19:35:21,921 DEBUG com.netflix.eureka.registry.AbstractInstanceRegistry:586 [Eureka-EvictionTimer] [evict] DS: lease expiration is currently disabled.
2019-12-21 19:35:26,926 INFO  com.netflix.eureka.registry.AbstractInstanceRegistry$EvictionTask:1247 [Eureka-EvictionTimer] [run] Running the evict task with compensationTime 5ms
2019-12-21 19:35:26,926 DEBUG com.netflix.eureka.registry.AbstractInstanceRegistry:583 [Eureka-EvictionTimer] [evict] Running the evict task
2019-12-21 19:35:26,926 DEBUG com.netflix.eureka.registry.AbstractInstanceRegistry:586 [Eureka-EvictionTimer] [evict] DS: lease expiration is currently disabled.
2019-12-21 19:35:30,041 DEBUG com.netflix.eureka.registry.ResponseCacheImpl$4:173 [Eureka-CacheFillTimer] [run] Updating the client cache from response cache
2019-12-21 19:35:31,928 INFO  com.netflix.eureka.registry.AbstractInstanceRegistry$EvictionTask:1247 [Eureka-EvictionTimer] [run] Running the evict task with compensationTime 2ms
2019-12-21 19:35:31,929 DEBUG com.netflix.eureka.registry.AbstractInstanceRegistry:583 [Eureka-EvictionTimer] [evict] Running the evict task
2019-12-21 19:35:31,929 DEBUG com.netflix.eureka.registry.AbstractInstanceRegistry:586 [Eureka-EvictionTimer] [evict] DS: lease expiration is currently disabled.
2019-12-21 19:35:36,929 INFO  com.netflix.eureka.registry.AbstractInstanceRegistry$EvictionTask:1247 [Eureka-EvictionTimer] [run] Running the evict task with compensationTime 0ms
2019-12-21 19:35:36,929 DEBUG com.netflix.eureka.registry.AbstractInstanceRegistry:583 [Eureka-EvictionTimer] [evict] Running the evict task
2019-12-21 19:35:36,929 DEBUG com.netflix.eureka.registry.AbstractInstanceRegistry:586 [Eureka-EvictionTimer] [evict] DS: lease expiration is currently disabled.
2019-12-21 19:35:41,929 INFO  com.netflix.eureka.registry.AbstractInstanceRegistry$EvictionTask:1247 [Eureka-EvictionTimer] [run] Running the evict task with compensationTime 0ms
2019-12-21 19:35:41,930 DEBUG com.netflix.eureka.registry.AbstractInstanceRegistry:583 [Eureka-EvictionTimer] [evict] Running the evict task
2019-12-21 19:35:41,930 DEBUG com.netflix.eureka.registry.AbstractInstanceRegistry:586 [Eureka-EvictionTimer] [evict] DS: lease expiration is currently disabled.
2019-12-21 19:35:46,930 INFO  com.netflix.eureka.registry.AbstractInstanceRegistry$EvictionTask:1247 [Eureka-EvictionTimer] [run] Running the evict task with compensationTime 0ms
2019-12-21 19:35:46,930 DEBUG com.netflix.eureka.registry.AbstractInstanceRegistry:583 [Eureka-EvictionTimer] [evict] Running the evict task
2019-12-21 19:35:46,930 DEBUG com.netflix.eureka.registry.AbstractInstanceRegistry:586 [Eureka-EvictionTimer] [evict] DS: lease expiration is currently disabled.
2019-12-21 19:35:51,930 INFO  com.netflix.eureka.registry.AbstractInstanceRegistry$EvictionTask:1247 [Eureka-EvictionTimer] [run] Running the evict task with compensationTime 0ms
2019-12-21 19:35:51,930 DEBUG com.netflix.eureka.registry.AbstractInstanceRegistry:583 [Eureka-EvictionTimer] [evict] Running the evict task
2019-12-21 19:35:51,930 DEBUG com.netflix.eureka.registry.AbstractInstanceRegistry:586 [Eureka-EvictionTimer] [evict] DS: lease expiration is currently disabled.
2019-12-21 19:35:56,933 INFO  com.netflix.eureka.registry.AbstractInstanceRegistry$EvictionTask:1247 [Eureka-EvictionTimer] [run] Running the evict task with compensationTime 2ms
2019-12-21 19:35:56,933 DEBUG com.netflix.eureka.registry.AbstractInstanceRegistry:583 [Eureka-EvictionTimer] [evict] Running the evict task
2019-12-21 19:35:56,933 DEBUG com.netflix.eureka.registry.AbstractInstanceRegistry:586 [Eureka-EvictionTimer] [evict] DS: lease expiration is currently disabled.
2019-12-21 19:36:00,045 DEBUG com.netflix.eureka.registry.ResponseCacheImpl$4:173 [Eureka-CacheFillTimer] [run] Updating the client cache from response cache
2019-12-21 19:36:01,936 INFO  com.netflix.eureka.registry.AbstractInstanceRegistry$EvictionTask:1247 [Eureka-EvictionTimer] [run] Running the evict task with compensationTime 3ms
2019-12-21 19:36:01,936 DEBUG com.netflix.eureka.registry.AbstractInstanceRegistry:583 [Eureka-EvictionTimer] [evict] Running the evict task
2019-12-21 19:36:01,936 DEBUG com.netflix.eureka.registry.AbstractInstanceRegistry:586 [Eureka-EvictionTimer] [evict] DS: lease expiration is currently disabled.
2019-12-21 19:36:06,940 INFO  com.netflix.eureka.registry.AbstractInstanceRegistry$EvictionTask:1247 [Eureka-EvictionTimer] [run] Running the evict task with compensationTime 3ms
2019-12-21 19:36:06,940 DEBUG com.netflix.eureka.registry.AbstractInstanceRegistry:583 [Eureka-EvictionTimer] [evict] Running the evict task
2019-12-21 19:36:06,940 DEBUG com.netflix.eureka.registry.AbstractInstanceRegistry:586 [Eureka-EvictionTimer] [evict] DS: lease expiration is currently disabled.
2019-12-21 19:36:11,940 INFO  com.netflix.eureka.registry.AbstractInstanceRegistry$EvictionTask:1247 [Eureka-EvictionTimer] [run] Running the evict task with compensationTime 0ms
2019-12-21 19:36:11,941 DEBUG com.netflix.eureka.registry.AbstractInstanceRegistry:583 [Eureka-EvictionTimer] [evict] Running the evict task
2019-12-21 19:36:11,941 DEBUG com.netflix.eureka.registry.AbstractInstanceRegistry:586 [Eureka-EvictionTimer] [evict] DS: lease expiration is currently disabled.
2019-12-21 19:36:16,942 INFO  com.netflix.eureka.registry.AbstractInstanceRegistry$EvictionTask:1247 [Eureka-EvictionTimer] [run] Running the evict task with compensationTime 1ms
2019-12-21 19:36:16,942 DEBUG com.netflix.eureka.registry.AbstractInstanceRegistry:583 [Eureka-EvictionTimer] [evict] Running the evict task
2019-12-21 19:36:16,942 DEBUG com.netflix.eureka.registry.AbstractInstanceRegistry:586 [Eureka-EvictionTimer] [evict] DS: lease expiration is currently disabled.
2019-12-21 19:36:21,947 INFO  com.netflix.eureka.registry.AbstractInstanceRegistry$EvictionTask:1247 [Eureka-EvictionTimer] [run] Running the evict task with compensationTime 5ms
2019-12-21 19:36:21,948 DEBUG com.netflix.eureka.registry.AbstractInstanceRegistry:583 [Eureka-EvictionTimer] [evict] Running the evict task
2019-12-21 19:36:21,948 DEBUG com.netflix.eureka.registry.AbstractInstanceRegistry:586 [Eureka-EvictionTimer] [evict] DS: lease expiration is currently disabled.
2019-12-21 19:36:26,951 INFO  com.netflix.eureka.registry.AbstractInstanceRegistry$EvictionTask:1247 [Eureka-EvictionTimer] [run] Running the evict task with compensationTime 3ms
2019-12-21 19:36:26,952 DEBUG com.netflix.eureka.registry.AbstractInstanceRegistry:583 [Eureka-EvictionTimer] [evict] Running the evict task
2019-12-21 19:36:26,952 DEBUG com.netflix.eureka.registry.AbstractInstanceRegistry:586 [Eureka-EvictionTimer] [evict] DS: lease expiration is currently disabled.
2019-12-21 19:36:30,050 DEBUG com.netflix.eureka.registry.ResponseCacheImpl$4:173 [Eureka-CacheFillTimer] [run] Updating the client cache from response cache
2019-12-21 19:36:31,952 INFO  com.netflix.eureka.registry.AbstractInstanceRegistry$EvictionTask:1247 [Eureka-EvictionTimer] [run] Running the evict task with compensationTime 1ms
2019-12-21 19:36:31,952 DEBUG com.netflix.eureka.registry.AbstractInstanceRegistry:583 [Eureka-EvictionTimer] [evict] Running the evict task
2019-12-21 19:36:31,953 DEBUG com.netflix.eureka.registry.AbstractInstanceRegistry:586 [Eureka-EvictionTimer] [evict] DS: lease expiration is currently disabled.
2019-12-21 19:36:36,959 INFO  com.netflix.eureka.registry.AbstractInstanceRegistry$EvictionTask:1247 [Eureka-EvictionTimer] [run] Running the evict task with compensationTime 6ms
2019-12-21 19:36:36,959 DEBUG com.netflix.eureka.registry.AbstractInstanceRegistry:583 [Eureka-EvictionTimer] [evict] Running the evict task
2019-12-21 19:36:36,959 DEBUG com.netflix.eureka.registry.AbstractInstanceRegistry:586 [Eureka-EvictionTimer] [evict] DS: lease expiration is currently disabled.
2019-12-21 19:36:41,967 INFO  com.netflix.eureka.registry.AbstractInstanceRegistry$EvictionTask:1247 [Eureka-EvictionTimer] [run] Running the evict task with compensationTime 8ms
2019-12-21 19:36:41,967 DEBUG com.netflix.eureka.registry.AbstractInstanceRegistry:583 [Eureka-EvictionTimer] [evict] Running the evict task
2019-12-21 19:36:41,967 DEBUG com.netflix.eureka.registry.AbstractInstanceRegistry:586 [Eureka-EvictionTimer] [evict] DS: lease expiration is currently disabled.
2019-12-21 19:36:46,977 INFO  com.netflix.eureka.registry.AbstractInstanceRegistry$EvictionTask:1247 [Eureka-EvictionTimer] [run] Running the evict task with compensationTime 10ms
2019-12-21 19:36:46,977 DEBUG com.netflix.eureka.registry.AbstractInstanceRegistry:583 [Eureka-EvictionTimer] [evict] Running the evict task
2019-12-21 19:36:46,978 DEBUG com.netflix.eureka.registry.AbstractInstanceRegistry:586 [Eureka-EvictionTimer] [evict] DS: lease expiration is currently disabled.
2019-12-21 19:36:51,981 INFO  com.netflix.eureka.registry.AbstractInstanceRegistry$EvictionTask:1247 [Eureka-EvictionTimer] [run] Running the evict task with compensationTime 3ms
2019-12-21 19:36:51,981 DEBUG com.netflix.eureka.registry.AbstractInstanceRegistry:583 [Eureka-EvictionTimer] [evict] Running the evict task
2019-12-21 19:36:51,982 DEBUG com.netflix.eureka.registry.AbstractInstanceRegistry:586 [Eureka-EvictionTimer] [evict] DS: lease expiration is currently disabled.
2019-12-21 19:36:56,985 INFO  com.netflix.eureka.registry.AbstractInstanceRegistry$EvictionTask:1247 [Eureka-EvictionTimer] [run] Running the evict task with compensationTime 3ms
2019-12-21 19:36:56,985 DEBUG com.netflix.eureka.registry.AbstractInstanceRegistry:583 [Eureka-EvictionTimer] [evict] Running the evict task
2019-12-21 19:36:56,985 DEBUG com.netflix.eureka.registry.AbstractInstanceRegistry:586 [Eureka-EvictionTimer] [evict] DS: lease expiration is currently disabled.
2019-12-21 19:37:00,052 DEBUG com.netflix.eureka.registry.ResponseCacheImpl$4:173 [Eureka-CacheFillTimer] [run] Updating the client cache from response cache
2019-12-21 19:37:01,989 INFO  com.netflix.eureka.registry.AbstractInstanceRegistry$EvictionTask:1247 [Eureka-EvictionTimer] [run] Running the evict task with compensationTime 3ms
2019-12-21 19:37:01,989 DEBUG com.netflix.eureka.registry.AbstractInstanceRegistry:583 [Eureka-EvictionTimer] [evict] Running the evict task
2019-12-21 19:37:01,989 DEBUG com.netflix.eureka.registry.AbstractInstanceRegistry:586 [Eureka-EvictionTimer] [evict] DS: lease expiration is currently disabled.
2019-12-21 19:37:06,998 INFO  com.netflix.eureka.registry.AbstractInstanceRegistry$EvictionTask:1247 [Eureka-EvictionTimer] [run] Running the evict task with compensationTime 8ms
2019-12-21 19:37:06,998 DEBUG com.netflix.eureka.registry.AbstractInstanceRegistry:583 [Eureka-EvictionTimer] [evict] Running the evict task
2019-12-21 19:37:06,998 DEBUG com.netflix.eureka.registry.AbstractInstanceRegistry:586 [Eureka-EvictionTimer] [evict] DS: lease expiration is currently disabled.
2019-12-21 19:37:12,000 INFO  com.netflix.eureka.registry.AbstractInstanceRegistry$EvictionTask:1247 [Eureka-EvictionTimer] [run] Running the evict task with compensationTime 2ms
2019-12-21 19:37:12,000 DEBUG com.netflix.eureka.registry.AbstractInstanceRegistry:583 [Eureka-EvictionTimer] [evict] Running the evict task
2019-12-21 19:37:12,000 DEBUG com.netflix.eureka.registry.AbstractInstanceRegistry:586 [Eureka-EvictionTimer] [evict] DS: lease expiration is currently disabled.
2019-12-21 19:37:17,004 INFO  com.netflix.eureka.registry.AbstractInstanceRegistry$EvictionTask:1247 [Eureka-EvictionTimer] [run] Running the evict task with compensationTime 3ms
2019-12-21 19:37:17,004 DEBUG com.netflix.eureka.registry.AbstractInstanceRegistry:583 [Eureka-EvictionTimer] [evict] Running the evict task
2019-12-21 19:37:17,004 DEBUG com.netflix.eureka.registry.AbstractInstanceRegistry:586 [Eureka-EvictionTimer] [evict] DS: lease expiration is currently disabled.
2019-12-21 19:37:22,012 INFO  com.netflix.eureka.registry.AbstractInstanceRegistry$EvictionTask:1247 [Eureka-EvictionTimer] [run] Running the evict task with compensationTime 8ms
2019-12-21 19:37:22,012 DEBUG com.netflix.eureka.registry.AbstractInstanceRegistry:583 [Eureka-EvictionTimer] [evict] Running the evict task
2019-12-21 19:37:22,012 DEBUG com.netflix.eureka.registry.AbstractInstanceRegistry:586 [Eureka-EvictionTimer] [evict] DS: lease expiration is currently disabled.
2019-12-21 19:37:27,017 INFO  com.netflix.eureka.registry.AbstractInstanceRegistry$EvictionTask:1247 [Eureka-EvictionTimer] [run] Running the evict task with compensationTime 5ms
2019-12-21 19:37:27,018 DEBUG com.netflix.eureka.registry.AbstractInstanceRegistry:583 [Eureka-EvictionTimer] [evict] Running the evict task
2019-12-21 19:37:27,018 DEBUG com.netflix.eureka.registry.AbstractInstanceRegistry:586 [Eureka-EvictionTimer] [evict] DS: lease expiration is currently disabled.
2019-12-21 19:37:30,059 DEBUG com.netflix.eureka.registry.ResponseCacheImpl$4:173 [Eureka-CacheFillTimer] [run] Updating the client cache from response cache
2019-12-21 19:37:32,017 INFO  com.netflix.eureka.registry.AbstractInstanceRegistry$EvictionTask:1247 [Eureka-EvictionTimer] [run] Running the evict task with compensationTime 0ms
2019-12-21 19:37:32,018 DEBUG com.netflix.eureka.registry.AbstractInstanceRegistry:583 [Eureka-EvictionTimer] [evict] Running the evict task
2019-12-21 19:37:32,018 DEBUG com.netflix.eureka.registry.AbstractInstanceRegistry:586 [Eureka-EvictionTimer] [evict] DS: lease expiration is currently disabled.
2019-12-21 19:37:37,021 INFO  com.netflix.eureka.registry.AbstractInstanceRegistry$EvictionTask:1247 [Eureka-EvictionTimer] [run] Running the evict task with compensationTime 2ms
2019-12-21 19:37:37,021 DEBUG com.netflix.eureka.registry.AbstractInstanceRegistry:583 [Eureka-EvictionTimer] [evict] Running the evict task
2019-12-21 19:37:37,021 DEBUG com.netflix.eureka.registry.AbstractInstanceRegistry:586 [Eureka-EvictionTimer] [evict] DS: lease expiration is currently disabled.
2019-12-21 19:37:38,610 INFO  com.netflix.eureka.DefaultEurekaServerContext:76 [Thread-15] [shutdown] Shutting down ...
2019-12-21 19:37:38,635 INFO  com.netflix.eureka.DefaultEurekaServerContext:79 [Thread-15] [shutdown] Shut down
2019-12-21 19:37:38,650 INFO  com.netflix.discovery.DiscoveryClient:888 [Thread-15] [shutdown] Shutting down DiscoveryClient ...
2019-12-21 19:37:38,651 INFO  com.netflix.discovery.DiscoveryClient:911 [Thread-15] [shutdown] Completed shut down of DiscoveryClient
